# V2FREE 自动签到脚本 版本: 1.0
[2023-10-25 13:05:48,163] [INFO] a*******@d***.com 获得了 390MB 流量.
[2023-10-26 03:15:22,366] [INFO] n*********@h****.com 获得了 404MB 流量.
[2023-10-26 03:15:23,903] [INFO] k*********@h****.com 获得了 375MB 流量.
[2023-10-26 03:15:25,439] [INFO] h**@a***********.org 获得了 449MB 流量.
[2023-10-26 03:15:26,997] [INFO] v*******@d***.com 获得了 460MB 流量.
[2023-10-26 03:15:28,542] [INFO] a*******@d***.com 获得了 306MB 流量.
[2023-10-27 03:15:19,760] [INFO] n*********@h****.com 获得了 475MB 流量.
[2023-10-27 03:15:20,954] [INFO] k*********@h****.com 获得了 451MB 流量.
[2023-10-27 03:15:22,160] [INFO] h**@a***********.org 获得了 357MB 流量.
[2023-10-27 03:15:23,554] [INFO] v*******@d***.com 获得了 459MB 流量.
[2023-10-27 03:15:24,948] [INFO] a*******@d***.com 获得了 430MB 流量.
[2023-10-28 03:15:08,756] [INFO] n*********@h****.com 获得了 375MB 流量.
[2023-10-28 03:15:10,239] [INFO] k*********@h****.com 获得了 460MB 流量.
[2023-10-28 03:15:11,472] [INFO] h**@a***********.org 获得了 337MB 流量.
[2023-10-28 03:15:12,721] [INFO] v*******@d***.com 获得了 455MB 流量.
[2023-10-28 03:15:14,188] [INFO] a*******@d***.com 获得了 498MB 流量.
[2023-10-29 03:15:28,611] [INFO] n*********@h****.com 获得了 482MB 流量.
[2023-10-29 03:15:30,151] [INFO] k*********@h****.com 获得了 499MB 流量.
[2023-10-29 03:15:31,693] [INFO] h**@a***********.org 获得了 383MB 流量.
[2023-10-29 03:15:33,220] [INFO] v*******@d***.com 获得了 496MB 流量.
[2023-10-29 03:15:34,508] [INFO] a*******@d***.com 获得了 382MB 流量.
[2023-10-30 03:15:55,304] [INFO] n*********@h****.com 获得了 339MB 流量.
[2023-10-30 03:15:56,854] [INFO] k*********@h****.com 获得了 490MB 流量.
[2023-10-30 03:15:58,372] [INFO] h**@a***********.org 获得了 460MB 流量.
[2023-10-30 03:15:59,914] [INFO] v*******@d***.com 获得了 414MB 流量.
[2023-10-30 03:16:01,443] [INFO] a*******@d***.com 获得了 412MB 流量.
[2023-10-31 02:13:03,278] [INFO] 1*******@q*.com 您似乎已经签到过了...
[2023-10-31 03:19:28,181] [INFO] 1*******@q*.com 您似乎已经签到过了...
[2023-11-01 03:19:47,607] [INFO] 1*******@q*.com 获得了 484MB 流量.
[2023-11-02 03:19:37,311] [INFO] 1*******@q*.com 获得了 461MB 流量.
[2023-11-02 16:25:12,542] [INFO] 1*******@q*.com 获得了 392MB 流量.
[2023-11-03 16:23:39,290] [INFO] 1*******@q*.com 获得了 443MB 流量.
[2023-11-04 16:21:55,026] [INFO] 1*******@q*.com 获得了 324MB 流量.
[2023-11-05 16:22:07,769] [INFO] 1*******@q*.com 获得了 446MB 流量.
[2023-11-06 16:25:32,146] [INFO] 1*******@q*.com 获得了 482MB 流量.
